<?xml version="1.0" encoding="UTF-8"?>
<testsuite xmlns:xsi="http://www.w3.org/2001/XMLSchema-instance" xsi:noNamespaceSchemaLocation="https://maven.apache.org/surefire/maven-surefire-plugin/xsd/surefire-test-report.xsd" name="ChooseScooterColorCreateOrderTest" time="7.066" tests="4" errors="0" skipped="0" failures="0">
  <properties>
[...]
</properties>
  <testcase name="chooseColorInCreateOrderTest[0]" classname="ChooseScooterColorCreateOrderTest" time="5.93"/>
  <testcase name="chooseColorInCreateOrderTest[1]" classname="ChooseScooterColorCreateOrderTest" time="0.293"/>
  <testcase name="chooseColorInCreateOrderTest[2]" classname="ChooseScooterColorCreateOrderTest" time="0.195"/>
  <testcase name="chooseColorInCreateOrderTest[3]" classname="ChooseScooterColorCreateOrderTest" time="0.169"/>
</testsuite>